{"uuid":"b986b46e-5405-49f0-85ce-3d51d9d003c1","historyId":"52d1b0b4a9e5aabe890412eef0fcce41","testCaseId":"[engine:junit-jupiter]/[class:com.selenium.test.loginautomatization.MainPageTest]/[method:navigationToAllTools()]","testCaseName":"navigationToAllTools()","fullName":"com.selenium.test.loginautomatization.MainPageTest.navigationToAllTools","labels":[{"name":"junit.platform.uniqueid","value":"[engine:junit-jupiter]/[class:com.selenium.test.loginautomatization.MainPageTest]/[method:navigationToAllTools()]"},{"name":"host","value":"MacBook-Pro-Martynka.local"},{"name":"thread","value":"1964@MacBook-Pro-Martynka.local.main(1)"},{"name":"framework","value":"junit-platform"},{"name":"language","value":"java"},{"name":"package","value":"com.selenium.test.loginautomatization.MainPageTest"},{"name":"testClass","value":"com.selenium.test.loginautomatization.MainPageTest"},{"name":"testMethod","value":"navigationToAllTools"},{"name":"suite","value":"com.selenium.test.loginautomatization.MainPageTest"}],"links":[],"name":"navigationToAllTools()","status":"failed","statusDetails":{"known":false,"muted":false,"flaky":false,"message":"Invalid element state [By.xpath: //*[@data-test='suggestion-action']]: element click intercepted: Element <a data-test=\"suggestion-action\" type=\"button\" href=\"/products/\" class=\"_main_1uycb5t_17 _modeRock_1uycb5t_242 _sizeS_1uycb5t_93 _alignIconLeft_1uycb5t_78 _light_1uycb5t_59\">...</a> is not clickable at point (1165, 638). Other element would receive the click: <div data-nosnippet=\"\" class=\"jetbrains-cookies-backdrop\"></div>\nScreenshot: file:/Users/martynakindrat/Desktop/Learning/LoginAutomatization/build/reports/tests/1740676498034.1.png\nPage source: file:/Users/martynakindrat/Desktop/Learning/LoginAutomatization/build/reports/tests/1740676498034.1.html\nTimeout: 4 s.\nCaused by: ElementClickInterceptedException: element click intercepted: Element <a data-test=\"suggestion-action\" type=\"button\" href=\"/products/\" class=\"_main_1uycb5t_17 _modeRock_1uycb5t_242 _sizeS_1uycb5t_93 _alignIconLeft_1uycb5t_78 _light_1uycb5t_59\">...</a> is not clickable at point (1165, 638). Other element would receive the click: <div data-nosnippet=\"\" class=\"jetbrains-cookies-backdrop\"></div>","trace":"Invalid element state [By.xpath: //*[@data-test='suggestion-action']]: element click intercepted: Element <a data-test=\"suggestion-action\" type=\"button\" href=\"/products/\" class=\"_main_1uycb5t_17 _modeRock_1uycb5t_242 _sizeS_1uycb5t_93 _alignIconLeft_1uycb5t_78 _light_1uycb5t_59\">...</a> is not clickable at point (1165, 638). Other element would receive the click: <div data-nosnippet=\"\" class=\"jetbrains-cookies-backdrop\"></div>\nScreenshot: file:/Users/martynakindrat/Desktop/Learning/LoginAutomatization/build/reports/tests/1740676498034.1.png\nPage source: file:/Users/martynakindrat/Desktop/Learning/LoginAutomatization/build/reports/tests/1740676498034.1.html\nTimeout: 4 s.\nCaused by: ElementClickInterceptedException: element click intercepted: Element <a data-test=\"suggestion-action\" type=\"button\" href=\"/products/\" class=\"_main_1uycb5t_17 _modeRock_1uycb5t_242 _sizeS_1uycb5t_93 _alignIconLeft_1uycb5t_78 _light_1uycb5t_59\">...</a> is not clickable at point (1165, 638). Other element would receive the click: <div data-nosnippet=\"\" class=\"jetbrains-cookies-backdrop\"></div>\n\tat com.codeborne.selenide.impl.ExceptionWrapper.wrap(ExceptionWrapper.java:19)\n\tat com.codeborne.selenide.impl.SelenideElementProxy.dispatchAndRetry(SelenideElementProxy.java:153)\n\tat com.codeborne.selenide.impl.SelenideElementProxy.invoke(SelenideElementProxy.java:83)\n\tat jdk.proxy2/jdk.proxy2.$Proxy11.click(Unknown Source)\n\tat com.selenium.test.loginautomatization.MainPageTest.navigationToAllTools(MainPageTest.java:49)\n\tat java.base/java.lang.reflect.Method.invoke(Method.java:580)\n\tat java.base/java.util.ArrayList.forEach(ArrayList.java:1597)\n\tat java.base/java.util.ArrayList.forEach(ArrayList.java:1597)\nCaused by: org.openqa.selenium.ElementClickInterceptedException: element click intercepted: Element <a data-test=\"suggestion-action\" type=\"button\" href=\"/products/\" class=\"_main_1uycb5t_17 _modeRock_1uycb5t_242 _sizeS_1uycb5t_93 _alignIconLeft_1uycb5t_78 _light_1uycb5t_59\">...</a> is not clickable at point (1165, 638). Other element would receive the click: <div data-nosnippet=\"\" class=\"jetbrains-cookies-backdrop\"></div>\n  (Session info: chrome=133.0.6943.127)\nBuild info: version: '4.26.0', revision: '8ccf0219d7'\nSystem info: os.name: 'Mac OS X', os.arch: 'aarch64', os.version: '15.3.1', java.version: '23.0.2'\nDriver info: org.openqa.selenium.chrome.ChromeDriver\nCommand: [5ee4e6af3fe38908c66901600e333ee4, clickElement {id=f.A41043C90A675BF714432C99FFD13E99.d.0A30536F09232491B6F18EA6D1F7894F.e.109}]\nCapabilities {acceptInsecureCerts: true, browserName: chrome, browserVersion: 133.0.6943.127, chrome: {chromedriverVersion: 133.0.6943.141 (2a5d6da0d61..., userDataDir: /var/folders/b1/d_vp7gm97bn...}, fedcm:accounts: true, goog:chromeOptions: {debuggerAddress: localhost:51939}, networkConnectionEnabled: false, pageLoadStrategy: normal, platformName: mac, proxy: Proxy(), se:cdp: ws://localhost:51939/devtoo..., se:cdpVersion: 133.0.6943.127, setWindowRect: true, strictFileInteractability: false, timeouts: {implicit: 0, pageLoad: 300000, script: 30000}, unhandledPromptBehavior: accept, webauthn:extension:credBlob: true, webauthn:extension:largeBlob: true, webauthn:extension:minPinLength: true, webauthn:extension:prf: true, webauthn:virtualAuthenticators: true}\nElement: [[ChromeDriver: chrome on mac (5ee4e6af3fe38908c66901600e333ee4)] -> xpath: //*[@data-test='suggestion-action']]\nSession ID: 5ee4e6af3fe38908c66901600e333ee4\n\tat java.base/jdk.internal.reflect.DirectConstructorHandleAccessor.newInstance(DirectConstructorHandleAccessor.java:62)\n\tat java.base/java.lang.reflect.Constructor.newInstanceWithCaller(Constructor.java:501)\n\tat java.base/java.lang.reflect.Constructor.newInstance(Constructor.java:485)\n\tat org.openqa.selenium.remote.ErrorCodec.decode(ErrorCodec.java:167)\n\tat org.openqa.selenium.remote.codec.w3c.W3CHttpResponseCodec.decode(W3CHttpResponseCodec.java:138)\n\tat org.openqa.selenium.remote.codec.w3c.W3CHttpResponseCodec.decode(W3CHttpResponseCodec.java:50)\n\tat org.openqa.selenium.remote.HttpCommandExecutor.execute(HttpCommandExecutor.java:190)\n\tat org.openqa.selenium.remote.service.DriverCommandExecutor.invokeExecute(DriverCommandExecutor.java:216)\n\tat org.openqa.selenium.remote.service.DriverCommandExecutor.execute(DriverCommandExecutor.java:174)\n\tat org.openqa.selenium.remote.RemoteWebDriver.execute(RemoteWebDriver.java:545)\n\tat org.openqa.selenium.remote.RemoteWebElement.execute(RemoteWebElement.java:223)\n\tat org.openqa.selenium.remote.RemoteWebElement.click(RemoteWebElement.java:76)\n\tat com.codeborne.selenide.commands.Click.defaultClick(Click.java:94)\n\tat com.codeborne.selenide.commands.Click.doClick(Click.java:72)\n\tat com.codeborne.selenide.commands.Click.click(Click.java:48)\n\tat com.codeborne.selenide.commands.Click.execute(Click.java:28)\n\tat com.codeborne.selenide.FluentCommand.execute(FluentCommand.java:23)\n\tat com.codeborne.selenide.FluentCommand.execute(FluentCommand.java:19)\n\tat com.codeborne.selenide.commands.Commands.execute(Commands.java:159)\n\tat com.codeborne.selenide.impl.SelenideElementProxy.dispatchAndRetry(SelenideElementProxy.java:131)\n\t... 6 more\n"},"stage":"finished","description":"","steps":[{"name":"$(\"open\") https://www.jetbrains.com/","status":"passed","stage":"finished","steps":[],"attachments":[],"parameters":[],"start":1740676493661,"stop":1740676493901},{"name":"$(\"By.xpath: //*[@data-test-marker='Developer Tools']\") click()","status":"passed","stage":"finished","steps":[],"attachments":[],"parameters":[],"start":1740676493901,"stop":1740676493947},{"name":"$(\"By.xpath: //*[@data-test='suggestion-action']\") click()","status":"failed","statusDetails":{"known":false,"muted":false,"flaky":false,"message":"Invalid element state [By.xpath: //*[@data-test='suggestion-action']]: element click intercepted: Element <a data-test=\"suggestion-action\" type=\"button\" href=\"/products/\" class=\"_main_1uycb5t_17 _modeRock_1uycb5t_242 _sizeS_1uycb5t_93 _alignIconLeft_1uycb5t_78 _light_1uycb5t_59\">...</a> is not clickable at point (1165, 638). Other element would receive the click: <div data-nosnippet=\"\" class=\"jetbrains-cookies-backdrop\"></div>\nScreenshot: file:/Users/martynakindrat/Desktop/Learning/LoginAutomatization/build/reports/tests/1740676498034.1.png\nPage source: file:/Users/martynakindrat/Desktop/Learning/LoginAutomatization/build/reports/tests/1740676498034.1.html\nTimeout: 4 s.\nCaused by: ElementClickInterceptedException: element click intercepted: Element <a data-test=\"suggestion-action\" type=\"button\" href=\"/products/\" class=\"_main_1uycb5t_17 _modeRock_1uycb5t_242 _sizeS_1uycb5t_93 _alignIconLeft_1uycb5t_78 _light_1uycb5t_59\">...</a> is not clickable at point (1165, 638). Other element would receive the click: <div data-nosnippet=\"\" class=\"jetbrains-cookies-backdrop\"></div>","trace":"Invalid element state [By.xpath: //*[@data-test='suggestion-action']]: element click intercepted: Element <a data-test=\"suggestion-action\" type=\"button\" href=\"/products/\" class=\"_main_1uycb5t_17 _modeRock_1uycb5t_242 _sizeS_1uycb5t_93 _alignIconLeft_1uycb5t_78 _light_1uycb5t_59\">...</a> is not clickable at point (1165, 638). Other element would receive the click: <div data-nosnippet=\"\" class=\"jetbrains-cookies-backdrop\"></div>\nScreenshot: file:/Users/martynakindrat/Desktop/Learning/LoginAutomatization/build/reports/tests/1740676498034.1.png\nPage source: file:/Users/martynakindrat/Desktop/Learning/LoginAutomatization/build/reports/tests/1740676498034.1.html\nTimeout: 4 s.\nCaused by: ElementClickInterceptedException: element click intercepted: Element <a data-test=\"suggestion-action\" type=\"button\" href=\"/products/\" class=\"_main_1uycb5t_17 _modeRock_1uycb5t_242 _sizeS_1uycb5t_93 _alignIconLeft_1uycb5t_78 _light_1uycb5t_59\">...</a> is not clickable at point (1165, 638). Other element would receive the click: <div data-nosnippet=\"\" class=\"jetbrains-cookies-backdrop\"></div>\n\tat com.codeborne.selenide.impl.ExceptionWrapper.wrap(ExceptionWrapper.java:19)\n\tat com.codeborne.selenide.impl.SelenideElementProxy.dispatchAndRetry(SelenideElementProxy.java:153)\n\tat com.codeborne.selenide.impl.SelenideElementProxy.invoke(SelenideElementProxy.java:83)\n\tat jdk.proxy2/jdk.proxy2.$Proxy11.click(Unknown Source)\n\tat com.selenium.test.loginautomatization.MainPageTest.navigationToAllTools(MainPageTest.java:49)\n\tat java.base/jdk.internal.reflect.DirectMethodHandleAccessor.invoke(DirectMethodHandleAccessor.java:103)\n\tat java.base/java.lang.reflect.Method.invoke(Method.java:580)\n\tat org.junit.platform.commons.util.ReflectionUtils.invokeMethod(ReflectionUtils.java:767)\n\tat org.junit.jupiter.engine.execution.MethodInvocation.proceed(MethodInvocation.java:60)\n\tat org.junit.jupiter.engine.execution.InvocationInterceptorChain$ValidatingInvocation.proceed(InvocationInterceptorChain.java:131)\n\tat org.junit.jupiter.engine.extension.TimeoutExtension.intercept(TimeoutExtension.java:156)\n\tat org.junit.jupiter.engine.extension.TimeoutExtension.interceptTestableMethod(TimeoutExtension.java:147)\n\tat org.junit.jupiter.engine.extension.TimeoutExtension.interceptTestMethod(TimeoutExtension.java:86)\n\tat org.junit.jupiter.engine.execution.InterceptingExecutableInvoker$ReflectiveInterceptorCall.lambda$ofVoidMethod$0(InterceptingExecutableInvoker.java:103)\n\tat org.junit.jupiter.engine.execution.InterceptingExecutableInvoker.lambda$invoke$0(InterceptingExecutableInvoker.java:93)\n\tat org.junit.jupiter.engine.execution.InvocationInterceptorChain$InterceptedInvocation.proceed(InvocationInterceptorChain.java:106)\n\tat org.junit.jupiter.engine.execution.InvocationInterceptorChain.proceed(InvocationInterceptorChain.java:64)\n\tat org.junit.jupiter.engine.execution.InvocationInterceptorChain.chainAndInvoke(InvocationInterceptorChain.java:45)\n\tat org.junit.jupiter.engine.execution.InvocationInterceptorChain.invoke(InvocationInterceptorChain.java:37)\n\tat org.junit.jupiter.engine.execution.InterceptingExecutableInvoker.invoke(InterceptingExecutableInvoker.java:92)\n\tat org.junit.jupiter.engine.execution.InterceptingExecutableInvoker.invoke(InterceptingExecutableInvoker.java:86)\n\tat org.junit.jupiter.engine.descriptor.TestMethodTestDescriptor.lambda$invokeTestMethod$8(TestMethodTestDescriptor.java:217)\n\tat org.junit.platform.engine.support.hierarchical.ThrowableCollector.execute(ThrowableCollector.java:73)\n\tat org.junit.jupiter.engine.descriptor.TestMethodTestDescriptor.invokeTestMethod(TestMethodTestDescriptor.java:213)\n\tat org.junit.jupiter.engine.descriptor.TestMethodTestDescriptor.execute(TestMethodTestDescriptor.java:138)\n\tat org.junit.jupiter.engine.descriptor.TestMethodTestDescriptor.execute(TestMethodTestDescriptor.java:68)\n\tat org.junit.platform.engine.support.hierarchical.NodeTestTask.lambda$executeRecursively$6(NodeTestTask.java:156)\n\tat org.junit.platform.engine.support.hierarchical.ThrowableCollector.execute(ThrowableCollector.java:73)\n\tat org.junit.platform.engine.support.hierarchical.NodeTestTask.lambda$executeRecursively$8(NodeTestTask.java:146)\n\tat org.junit.platform.engine.support.hierarchical.Node.around(Node.java:137)\n\tat org.junit.platform.engine.support.hierarchical.NodeTestTask.lambda$executeRecursively$9(NodeTestTask.java:144)\n\tat org.junit.platform.engine.support.hierarchical.ThrowableCollector.execute(ThrowableCollector.java:73)\n\tat org.junit.platform.engine.support.hierarchical.NodeTestTask.executeRecursively(NodeTestTask.java:143)\n\tat org.junit.platform.engine.support.hierarchical.NodeTestTask.execute(NodeTestTask.java:100)\n\tat java.base/java.util.ArrayList.forEach(ArrayList.java:1597)\n\tat org.junit.platform.engine.support.hierarchical.SameThreadHierarchicalTestExecutorService.invokeAll(SameThreadHierarchicalTestExecutorService.java:41)\n\tat org.junit.platform.engine.support.hierarchical.NodeTestTask.lambda$executeRecursively$6(NodeTestTask.java:160)\n\tat org.junit.platform.engine.support.hierarchical.ThrowableCollector.execute(ThrowableCollector.java:73)\n\tat org.junit.platform.engine.support.hierarchical.NodeTestTask.lambda$executeRecursively$8(NodeTestTask.java:146)\n\tat org.junit.platform.engine.support.hierarchical.Node.around(Node.java:137)\n\tat org.junit.platform.engine.support.hierarchical.NodeTestTask.lambda$executeRecursively$9(NodeTestTask.java:144)\n\tat org.junit.platform.engine.support.hierarchical.ThrowableCollector.execute(ThrowableCollector.java:73)\n\tat org.junit.platform.engine.support.hierarchical.NodeTestTask.executeRecursively(NodeTestTask.java:143)\n\tat org.junit.platform.engine.support.hierarchical.NodeTestTask.execute(NodeTestTask.java:100)\n\tat java.base/java.util.ArrayList.forEach(ArrayList.java:1597)\n\tat org.junit.platform.engine.support.hierarchical.SameThreadHierarchicalTestExecutorService.invokeAll(SameThreadHierarchicalTestExecutorService.java:41)\n\tat org.junit.platform.engine.support.hierarchical.NodeTestTask.lambda$executeRecursively$6(NodeTestTask.java:160)\n\tat org.junit.platform.engine.support.hierarchical.ThrowableCollector.execute(ThrowableCollector.java:73)\n\tat org.junit.platform.engine.support.hierarchical.NodeTestTask.lambda$executeRecursively$8(NodeTestTask.java:146)\n\tat org.junit.platform.engine.support.hierarchical.Node.around(Node.java:137)\n\tat org.junit.platform.engine.support.hierarchical.NodeTestTask.lambda$executeRecursively$9(NodeTestTask.java:144)\n\tat org.junit.platform.engine.support.hierarchical.ThrowableCollector.execute(ThrowableCollector.java:73)\n\tat org.junit.platform.engine.support.hierarchical.NodeTestTask.executeRecursively(NodeTestTask.java:143)\n\tat org.junit.platform.engine.support.hierarchical.NodeTestTask.execute(NodeTestTask.java:100)\n\tat org.junit.platform.engine.support.hierarchical.SameThreadHierarchicalTestExecutorService.submit(SameThreadHierarchicalTestExecutorService.java:35)\n\tat org.junit.platform.engine.support.hierarchical.HierarchicalTestExecutor.execute(HierarchicalTestExecutor.java:57)\n\tat org.junit.platform.engine.support.hierarchical.HierarchicalTestEngine.execute(HierarchicalTestEngine.java:54)\n\tat org.junit.platform.launcher.core.EngineExecutionOrchestrator.execute(EngineExecutionOrchestrator.java:198)\n\tat org.junit.platform.launcher.core.EngineExecutionOrchestrator.execute(EngineExecutionOrchestrator.java:169)\n\tat org.junit.platform.launcher.core.EngineExecutionOrchestrator.execute(EngineExecutionOrchestrator.java:93)\n\tat org.junit.platform.launcher.core.EngineExecutionOrchestrator.lambda$execute$0(EngineExecutionOrchestrator.java:58)\n\tat org.junit.platform.launcher.core.EngineExecutionOrchestrator.withInterceptedStreams(EngineExecutionOrchestrator.java:141)\n\tat org.junit.platform.launcher.core.EngineExecutionOrchestrator.execute(EngineExecutionOrchestrator.java:57)\n\tat org.junit.platform.launcher.core.DefaultLauncher.execute(DefaultLauncher.java:103)\n\tat org.junit.platform.launcher.core.DefaultLauncher.execute(DefaultLauncher.java:85)\n\tat org.junit.platform.launcher.core.DelegatingLauncher.execute(DelegatingLauncher.java:47)\n\tat org.junit.platform.launcher.core.SessionPerRequestLauncher.execute(SessionPerRequestLauncher.java:63)\n\tat com.intellij.junit5.JUnit5IdeaTestRunner.startRunnerWithArgs(JUnit5IdeaTestRunner.java:57)\n\tat com.intellij.rt.junit.IdeaTestRunner$Repeater$1.execute(IdeaTestRunner.java:38)\n\tat com.intellij.rt.execution.junit.TestsRepeater.repeat(TestsRepeater.java:11)\n\tat com.intellij.rt.junit.IdeaTestRunner$Repeater.startRunnerWithArgs(IdeaTestRunner.java:35)\n\tat com.intellij.rt.junit.JUnitStarter.prepareStreamsAndStart(JUnitStarter.java:232)\n\tat com.intellij.rt.junit.JUnitStarter.main(JUnitStarter.java:55)\nCaused by: org.openqa.selenium.ElementClickInterceptedException: element click intercepted: Element <a data-test=\"suggestion-action\" type=\"button\" href=\"/products/\" class=\"_main_1uycb5t_17 _modeRock_1uycb5t_242 _sizeS_1uycb5t_93 _alignIconLeft_1uycb5t_78 _light_1uycb5t_59\">...</a> is not clickable at point (1165, 638). Other element would receive the click: <div data-nosnippet=\"\" class=\"jetbrains-cookies-backdrop\"></div>\n  (Session info: chrome=133.0.6943.127)\nBuild info: version: '4.26.0', revision: '8ccf0219d7'\nSystem info: os.name: 'Mac OS X', os.arch: 'aarch64', os.version: '15.3.1', java.version: '23.0.2'\nDriver info: org.openqa.selenium.chrome.ChromeDriver\nCommand: [5ee4e6af3fe38908c66901600e333ee4, clickElement {id=f.A41043C90A675BF714432C99FFD13E99.d.0A30536F09232491B6F18EA6D1F7894F.e.109}]\nCapabilities {acceptInsecureCerts: true, browserName: chrome, browserVersion: 133.0.6943.127, chrome: {chromedriverVersion: 133.0.6943.141 (2a5d6da0d61..., userDataDir: /var/folders/b1/d_vp7gm97bn...}, fedcm:accounts: true, goog:chromeOptions: {debuggerAddress: localhost:51939}, networkConnectionEnabled: false, pageLoadStrategy: normal, platformName: mac, proxy: Proxy(), se:cdp: ws://localhost:51939/devtoo..., se:cdpVersion: 133.0.6943.127, setWindowRect: true, strictFileInteractability: false, timeouts: {implicit: 0, pageLoad: 300000, script: 30000}, unhandledPromptBehavior: accept, webauthn:extension:credBlob: true, webauthn:extension:largeBlob: true, webauthn:extension:minPinLength: true, webauthn:extension:prf: true, webauthn:virtualAuthenticators: true}\nElement: [[ChromeDriver: chrome on mac (5ee4e6af3fe38908c66901600e333ee4)] -> xpath: //*[@data-test='suggestion-action']]\nSession ID: 5ee4e6af3fe38908c66901600e333ee4\n\tat java.base/jdk.internal.reflect.DirectConstructorHandleAccessor.newInstance(DirectConstructorHandleAccessor.java:62)\n\tat java.base/java.lang.reflect.Constructor.newInstanceWithCaller(Constructor.java:501)\n\tat java.base/java.lang.reflect.Constructor.newInstance(Constructor.java:485)\n\tat org.openqa.selenium.remote.ErrorCodec.decode(ErrorCodec.java:167)\n\tat org.openqa.selenium.remote.codec.w3c.W3CHttpResponseCodec.decode(W3CHttpResponseCodec.java:138)\n\tat org.openqa.selenium.remote.codec.w3c.W3CHttpResponseCodec.decode(W3CHttpResponseCodec.java:50)\n\tat org.openqa.selenium.remote.HttpCommandExecutor.execute(HttpCommandExecutor.java:190)\n\tat org.openqa.selenium.remote.service.DriverCommandExecutor.invokeExecute(DriverCommandExecutor.java:216)\n\tat org.openqa.selenium.remote.service.DriverCommandExecutor.execute(DriverCommandExecutor.java:174)\n\tat org.openqa.selenium.remote.RemoteWebDriver.execute(RemoteWebDriver.java:545)\n\tat org.openqa.selenium.remote.RemoteWebElement.execute(RemoteWebElement.java:223)\n\tat org.openqa.selenium.remote.RemoteWebElement.click(RemoteWebElement.java:76)\n\tat com.codeborne.selenide.commands.Click.defaultClick(Click.java:94)\n\tat com.codeborne.selenide.commands.Click.doClick(Click.java:72)\n\tat com.codeborne.selenide.commands.Click.click(Click.java:48)\n\tat com.codeborne.selenide.commands.Click.execute(Click.java:28)\n\tat com.codeborne.selenide.FluentCommand.execute(FluentCommand.java:23)\n\tat com.codeborne.selenide.FluentCommand.execute(FluentCommand.java:19)\n\tat com.codeborne.selenide.commands.Commands.execute(Commands.java:159)\n\tat com.codeborne.selenide.impl.SelenideElementProxy.dispatchAndRetry(SelenideElementProxy.java:131)\n\t... 71 more\n"},"stage":"finished","steps":[],"attachments":[{"name":"Screenshot","source":"393005c4-4a5e-4931-bb54-7c27de8fb240-attachment.png","type":"image/png"},{"name":"Page source","source":"ba83934d-8708-47a6-a934-26f88c6f8f34-attachment.html","type":"text/html"}],"parameters":[],"start":1740676493947,"stop":1740676498436}],"attachments":[],"parameters":[],"start":1740676493661,"stop":1740676498437}